
2021-09-09 09:17:31.004  INFO 18396 --- [restartedMain] overonix.overo.OveroApplication          : Starting OveroApplication using Java 1.8.0_292 on DESKTOP-1VQ7EV0 with PID 18396 (C:\Users\pivov\Робочий стіл\Overo\target\classes started by pivov in C:\Users\pivov\Робочий стіл\Overo)
2021-09-09 09:17:31.010  INFO 18396 --- [restartedMain] overonix.overo.OveroApplication          : No active profile set, falling back to default profiles: default
2021-09-09 09:17:31.132  INFO 18396 --- [restartedMain] .e.DevToolsPropertyDefaultsPostProcessor : Devtools property defaults active! Set 'spring.devtools.add-properties' to 'false' to disable
2021-09-09 09:17:31.133  INFO 18396 --- [restartedMain] .e.DevToolsPropertyDefaultsPostProcessor : For additional web related logging consider setting the 'logging.level.web' property to 'DEBUG'
2021-09-09 09:17:32.241  INFO 18396 --- [restartedMain] .s.d.r.c.RepositoryConfigurationDelegate : Bootstrapping Spring Data JPA repositories in DEFAULT mode.
2021-09-09 09:17:32.326  INFO 18396 --- [restartedMain] .s.d.r.c.RepositoryConfigurationDelegate : Finished Spring Data repository scanning in 70 ms. Found 1 JPA repository interfaces.
2021-09-09 09:17:33.229  INFO 18396 --- [restartedMain] o.s.b.w.embedded.tomcat.TomcatWebServer  : Tomcat initialized with port(s): 8080 (http)
2021-09-09 09:17:33.243  INFO 18396 --- [restartedMain] o.apache.catalina.core.StandardService   : Starting service [Tomcat]
2021-09-09 09:17:33.244  INFO 18396 --- [restartedMain] org.apache.catalina.core.StandardEngine  : Starting Servlet engine: [Apache Tomcat/9.0.52]
2021-09-09 09:17:33.435  INFO 18396 --- [restartedMain] o.a.c.c.C.[Tomcat].[localhost].[/]       : Initializing Spring embedded WebApplicationContext
2021-09-09 09:17:33.436  INFO 18396 --- [restartedMain] w.s.c.ServletWebServerApplicationContext : Root WebApplicationContext: initialization completed in 2301 ms
2021-09-09 09:17:33.498  INFO 18396 --- [restartedMain] com.zaxxer.hikari.HikariDataSource       : HikariPool-1 - Starting...
2021-09-09 09:17:33.762  INFO 18396 --- [restartedMain] com.zaxxer.hikari.HikariDataSource       : HikariPool-1 - Start completed.
2021-09-09 09:17:33.772  INFO 18396 --- [restartedMain] o.s.b.a.h2.H2ConsoleAutoConfiguration    : H2 console available at '/h2-console'. Database available at 'jdbc:postgresql://localhost:5432/Tables'
2021-09-09 09:17:34.068  INFO 18396 --- [restartedMain] o.hibernate.jpa.internal.util.LogHelper  : HHH000204: Processing PersistenceUnitInfo [name: default]
2021-09-09 09:17:34.153  INFO 18396 --- [restartedMain] org.hibernate.Version                    : HHH000412: Hibernate ORM core version 5.4.32.Final
2021-09-09 09:17:34.222  INFO 18396 --- [restartedMain] o.hibernate.annotations.common.Version   : HCANN000001: Hibernate Commons Annotations {5.1.2.Final}
2021-09-09 09:17:34.536  INFO 18396 --- [restartedMain] org.hibernate.dialect.Dialect            : HHH000400: Using dialect: org.hibernate.dialect.PostgreSQL81Dialect
2021-09-09 09:17:35.315  INFO 18396 --- [restartedMain] o.h.e.t.j.p.i.JtaPlatformInitiator       : HHH000490: Using JtaPlatform implementation: [org.hibernate.engine.transaction.jta.platform.internal.NoJtaPlatform]
2021-09-09 09:17:35.329  INFO 18396 --- [restartedMain] j.LocalContainerEntityManagerFactoryBean : Initialized JPA EntityManagerFactory for persistence unit 'default'
2021-09-09 09:17:35.982  WARN 18396 --- [restartedMain] JpaBaseConfiguration$JpaWebConfiguration : spring.jpa.open-in-view is enabled by default. Therefore, database queries may be performed during view rendering. Explicitly configure spring.jpa.open-in-view to disable this warning
2021-09-09 09:17:36.715  INFO 18396 --- [restartedMain] o.s.b.d.a.OptionalLiveReloadServer       : LiveReload server is running on port 35729
2021-09-09 09:17:36.771  INFO 18396 --- [restartedMain] o.s.b.w.embedded.tomcat.TomcatWebServer  : Tomcat started on port(s): 8080 (http) with context path ''
2021-09-09 09:17:36.787  INFO 18396 --- [restartedMain] overonix.overo.OveroApplication          : Started OveroApplication in 6.732 seconds (JVM running for 9.041)
2021-09-09 09:18:07.924  INFO 9260 --- [restartedMain] overonix.overo.OveroApplication          : Starting OveroApplication using Java 1.8.0_292 on DESKTOP-1VQ7EV0 with PID 9260 (C:\Users\pivov\Робочий стіл\Overo\target\classes started by pivov in C:\Users\pivov\Робочий стіл\Overo)
2021-09-09 09:18:07.930  INFO 9260 --- [restartedMain] overonix.overo.OveroApplication          : No active profile set, falling back to default profiles: default
2021-09-09 09:18:08.065  INFO 9260 --- [restartedMain] .e.DevToolsPropertyDefaultsPostProcessor : Devtools property defaults active! Set 'spring.devtools.add-properties' to 'false' to disable
2021-09-09 09:18:08.066  INFO 9260 --- [restartedMain] .e.DevToolsPropertyDefaultsPostProcessor : For additional web related logging consider setting the 'logging.level.web' property to 'DEBUG'
2021-09-09 09:18:09.643  INFO 9260 --- [restartedMain] .s.d.r.c.RepositoryConfigurationDelegate : Bootstrapping Spring Data JPA repositories in DEFAULT mode.
2021-09-09 09:18:09.728  INFO 9260 --- [restartedMain] .s.d.r.c.RepositoryConfigurationDelegate : Finished Spring Data repository scanning in 69 ms. Found 1 JPA repository interfaces.
2021-09-09 09:18:10.673  INFO 9260 --- [restartedMain] o.s.b.w.embedded.tomcat.TomcatWebServer  : Tomcat initialized with port(s): 8080 (http)
2021-09-09 09:18:10.687  INFO 9260 --- [restartedMain] o.apache.catalina.core.StandardService   : Starting service [Tomcat]
2021-09-09 09:18:10.688  INFO 9260 --- [restartedMain] org.apache.catalina.core.StandardEngine  : Starting Servlet engine: [Apache Tomcat/9.0.52]
2021-09-09 09:18:10.880  INFO 9260 --- [restartedMain] o.a.c.c.C.[Tomcat].[localhost].[/]       : Initializing Spring embedded WebApplicationContext
2021-09-09 09:18:10.881  INFO 9260 --- [restartedMain] w.s.c.ServletWebServerApplicationContext : Root WebApplicationContext: initialization completed in 2814 ms
2021-09-09 09:18:10.950  INFO 9260 --- [restartedMain] com.zaxxer.hikari.HikariDataSource       : HikariPool-1 - Starting...
2021-09-09 09:18:11.268  INFO 9260 --- [restartedMain] com.zaxxer.hikari.HikariDataSource       : HikariPool-1 - Start completed.
2021-09-09 09:18:11.278  INFO 9260 --- [restartedMain] o.s.b.a.h2.H2ConsoleAutoConfiguration    : H2 console available at '/h2-console'. Database available at 'jdbc:postgresql://localhost:5432/Tables'
2021-09-09 09:18:11.569  INFO 9260 --- [restartedMain] o.hibernate.jpa.internal.util.LogHelper  : HHH000204: Processing PersistenceUnitInfo [name: default]
2021-09-09 09:18:11.649  INFO 9260 --- [restartedMain] org.hibernate.Version                    : HHH000412: Hibernate ORM core version 5.4.32.Final
2021-09-09 09:18:11.717  INFO 9260 --- [restartedMain] o.hibernate.annotations.common.Version   : HCANN000001: Hibernate Commons Annotations {5.1.2.Final}
2021-09-09 09:18:12.021  INFO 9260 --- [restartedMain] org.hibernate.dialect.Dialect            : HHH000400: Using dialect: org.hibernate.dialect.PostgreSQL81Dialect
2021-09-09 09:18:13.003  INFO 9260 --- [restartedMain] o.h.e.t.j.p.i.JtaPlatformInitiator       : HHH000490: Using JtaPlatform implementation: [org.hibernate.engine.transaction.jta.platform.internal.NoJtaPlatform]
2021-09-09 09:18:13.025  INFO 9260 --- [restartedMain] j.LocalContainerEntityManagerFactoryBean : Initialized JPA EntityManagerFactory for persistence unit 'default'
2021-09-09 09:18:13.694  WARN 9260 --- [restartedMain] JpaBaseConfiguration$JpaWebConfiguration : spring.jpa.open-in-view is enabled by default. Therefore, database queries may be performed during view rendering. Explicitly configure spring.jpa.open-in-view to disable this warning
2021-09-09 09:18:14.299  INFO 9260 --- [restartedMain] o.s.b.d.a.OptionalLiveReloadServer       : LiveReload server is running on port 35729
2021-09-09 09:18:14.353  INFO 9260 --- [restartedMain] o.s.b.w.embedded.tomcat.TomcatWebServer  : Tomcat started on port(s): 8080 (http) with context path ''
2021-09-09 09:18:14.372  INFO 9260 --- [restartedMain] overonix.overo.OveroApplication          : Started OveroApplication in 7.463 seconds (JVM running for 9.26)
